<?xml version="1.0" encoding="UTF-8"?>
<testng-results ignored="0" total="2" passed="2" failed="0" skipped="0">
  <reporter-output>
  </reporter-output>
  <suite started-at="2024-03-11T10:37:07 IST" name="Suite" finished-at="2024-03-11T10:37:31 IST" duration-ms="24579">
    <groups>
    </groups>
    <test started-at="2024-03-11T10:37:07 IST" name="chromeTest" finished-at="2024-03-11T10:37:19 IST" duration-ms="12462">
      <class name="testCases.TC_001_New_registration">
        <test-method is-config="true" signature="setup(java.lang.String)[pri:0, instance:testCases.TC_001_New_registration@72035809]" started-at="2024-03-11T10:37:07 IST" name="setup" finished-at="2024-03-11T10:37:14 IST" duration-ms="6791" status="PASS">
          <params>
            <param index="0">
              <value>
                <![CDATA[chrome]]>
              </value>
            </param>
          </params>
          <reporter-output>
          </reporter-output>
        </test-method> <!-- setup -->
        <test-method signature="registrationAccout()[pri:0, instance:testCases.TC_001_New_registration@72035809]" started-at="2024-03-11T10:37:14 IST" name="registrationAccout" finished-at="2024-03-11T10:37:19 IST" duration-ms="4504" status="PASS">
          <reporter-output>
          </reporter-output>
        </test-method> <!-- registrationAccout -->
        <test-method is-config="true" signature="close()[pri:0, instance:testCases.TC_001_New_registration@72035809]" started-at="2024-03-11T10:37:19 IST" name="close" finished-at="2024-03-11T10:37:19 IST" duration-ms="427" status="PASS">
          <reporter-output>
          </reporter-output>
        </test-method> <!-- close -->
      </class> <!-- testCases.TC_001_New_registration -->
    </test> <!-- chromeTest -->
    <test started-at="2024-03-11T10:37:20 IST" name="EdgeTest" finished-at="2024-03-11T10:37:31 IST" duration-ms="11484">
      <class name="testCases.TC_001_New_registration">
        <test-method is-config="true" signature="setup(java.lang.String)[pri:0, instance:testCases.TC_001_New_registration@43df23d3]" started-at="2024-03-11T10:37:20 IST" name="setup" finished-at="2024-03-11T10:37:26 IST" duration-ms="5877" status="PASS">
          <params>
            <param index="0">
              <value>
                <![CDATA[edge]]>
              </value>
            </param>
          </params>
          <reporter-output>
          </reporter-output>
        </test-method> <!-- setup -->
        <test-method signature="registrationAccout()[pri:0, instance:testCases.TC_001_New_registration@43df23d3]" started-at="2024-03-11T10:37:26 IST" name="registrationAccout" finished-at="2024-03-11T10:37:31 IST" duration-ms="4849" status="PASS">
          <reporter-output>
          </reporter-output>
        </test-method> <!-- registrationAccout -->
        <test-method is-config="true" signature="close()[pri:0, instance:testCases.TC_001_New_registration@43df23d3]" started-at="2024-03-11T10:37:31 IST" name="close" finished-at="2024-03-11T10:37:31 IST" duration-ms="555" status="PASS">
          <reporter-output>
          </reporter-output>
        </test-method> <!-- close -->
      </class> <!-- testCases.TC_001_New_registration -->
    </test> <!-- EdgeTest -->
  </suite> <!-- Suite -->
</testng-results>
